<?xml version="1.0" encoding="UTF-8"?>
<!-- Generated by org.testng.reporters.JUnitReportReporter -->
<testsuite hostname="Swapna" failures="0" tests="2" name="qaclickacademy.RESTAPITest" time="0.005" errors="0" timestamp="2020-04-27T16:56:19 PDT" skipped="0">
  <testcase classname="qaclickacademy.RESTAPITest" name="deleteTwitter" time="0.002"/>
  <testcase classname="qaclickacademy.RESTAPITest" name="postJira" time="0.003"/>
</testsuite> <!-- qaclickacademy.RESTAPITest -->
