<?xml version="1.0" encoding="UTF-8"?>
<!-- Generated by org.testng.reporters.JUnitReportReporter -->
<testsuite hostname="Swapna" failures="0" tests="2" name="qaclickacademy.SeleniumTest" time="0.007" errors="0" timestamp="2020-04-27T16:56:19 PDT" skipped="0">
  <testcase classname="qaclickacademy.SeleniumTest" name="elementsUi" time="0.003"/>
  <testcase classname="qaclickacademy.SeleniumTest" name="BrowserAUtomation" time="0.004"/>
</testsuite> <!-- qaclickacademy.SeleniumTest -->
