<?xml version="1.0" encoding="UTF-8"?>
<!-- Generated by org.testng.reporters.JUnitReportReporter -->
<testsuite hostname="Swapna" failures="0" tests="2" name="qaclickacademy.AppiumTest" time="0.025" errors="0" timestamp="2020-04-27T16:56:19 PDT" skipped="0">
  <testcase classname="qaclickacademy.AppiumTest" name="IOSApps" time="0.022"/>
  <testcase classname="qaclickacademy.AppiumTest" name="NativeAPpAndroid" time="0.003"/>
</testsuite> <!-- qaclickacademy.AppiumTest -->
